0.001187
0
14.2566
==========
0.003528
0
5.31094
==========
0.009144
0
3.07439
==========
0.019168
0
-13.6466
==========
0.0446
0
-96.9339
==========
0.091105
0
-106.874
==========
0.169648
0
-117.848
==========
0.32983
0
-50.9066
==========
0.667533
0
4.6942
==========
1.34443
0
136.202
==========
1.96803
0
-4.56872
==========
4.18688
0
-264.825
==========
8.51813
0
75.3679
==========
16.9368
0
506.761
==========
33.2017
0
953.412
==========
66.1292
0
157.574
==========
130.813
0
2759.59
==========
261.393
0
2891.05
==========
523.657
0
-4646.33
==========
1049.1
0
15236.5
==========
2097.32
0
18905.8
==========
