9.9994e+06
0.323349
==========
9.99935e+06
0.275053
==========
9.99936e+06
0.277467
==========
9.99935e+06
1.72038
==========
9.99935e+06
3.9493
==========
9.99935e+06
3.95599
==========
9.99935e+06
3.98652
==========
9.99935e+06
9.42758
==========
9.99936e+06
13.2402
==========
9.99936e+06
14.0276
==========
9.99935e+06
9.73057
==========
9.99936e+06
9.79019
==========
9.99936e+06
19.5637
==========
9.99936e+06
9.61318
==========
9.99936e+06
13.7974
==========
9.99936e+06
13.7231
==========
9.99935e+06
13.5964
==========
9.99935e+06
15.4856
==========
9.99935e+06
22.2829
==========
9.99935e+06
19.1254
==========
