1.00002e+07
0.285128
==========
1.00001e+07
0.735091
==========
1.00001e+07
0.339316
==========
1.00001e+07
0.742113
==========
1.00001e+07
0.782163
==========
1.00001e+07
2.50753
==========
1.00001e+07
2.83593
==========
1.00001e+07
2.09511
==========
1.00001e+07
2.93712
==========
1.00001e+07
2.77814
==========
1.00001e+07
4.14624
==========
1.00001e+07
3.69414
==========
1.00001e+07
2.93838
==========
1.00001e+07
8.91964
==========
1.00001e+07
4.00197
==========
1.00001e+07
4.05187
==========
1.00001e+07
6.60881
==========
1.00001e+07
6.32636
==========
1.00001e+07
4.84496
==========
1.00001e+07
5.72324
==========
